<?xml version="1.0" encoding="UTF-8"?>
<!-- Generated by org.testng.reporters.JUnitXMLReporter -->
<testsuite ignored="0" hostname="Dhraksha" failures="0" tests="8" name="Test" time="172.212" errors="0" timestamp="2024-01-20T20:11:59 IST">
  <testcase classname="com.organization.Testcases.TC_01_BankLoginTestCase" name="loginTest" time="22.055"/>
  <testcase classname="com.organization.Testcases.TC_02_BankLoginTestCase" name="loginTestTDD" time="66.431"/>
  <testcase classname="com.organization.Testcases.TC_02_BankLoginTestCase" name="loginTestTDD" time="13.764"/>
  <testcase classname="com.organization.Testcases.TC_02_BankLoginTestCase" name="loginTestTDD" time="22.669"/>
  <testcase classname="com.organization.Testcases.TC_02_BankLoginTestCase" name="loginTestTDD" time="12.726"/>
  <testcase classname="com.organization.Testcases.TC_02_BankLoginTestCase" name="loginTestTDD" time="10.091"/>
  <testcase classname="com.organization.Testcases.TC_02_BankLoginTestCase" name="loginTestTDD" time="6.339"/>
  <testcase classname="com.organization.Testcases.TC_02_BankLoginTestCase" name="loginTestTDD" time="13.072"/>
</testsuite> <!-- Test -->
